# JRE version: OpenJDK Runtime Environment Temurin-17.0.9+9 (17.0.9+9) (build 17.0.9+9)
# Java VM: OpenJDK 64-Bit Server VM Temurin-17.0.9+9 (17.0.9+9, mixed mode, emulated-client, tiered, compressed oops, compressed class ptrs, g1 gc, windows-amd64)
GC Precious Log:
 CPUs: 16 total, 16 available
 Memory: 32689M
 Large Page Support: Disabled
 NUMA Support: Disabled
 Compressed Oops: Enabled (32-bit)
 Heap Region Size: 1M
 Heap Min Capacity: 8M
 Heap Initial Capacity: 512M
 Heap Max Capacity: 1G
 Pre-touch: Disabled
 Parallel Workers: 13
 Concurrent Workers: 3
 Concurrent Refinement Workers: 13
 Periodic GC: Disabled
Heap:
 garbage-first heap   total 109568K, used 35613K [0x00000000c0000000, 0x0000000100000000)
  region size 1024K, 1 young (1024K), 0 survivors (0K)
 Metaspace       used 61078K, committed 61760K, reserved 1114112K
  class space    used 7653K, committed 7936K, reserved 1048576K
GC Heap History (20 events):
Event: 74018.758 GC heap after
{Heap after GC invocations=7288 (full 7272):
 garbage-first heap   total 109568K, used 35295K [0x00000000c0000000, 0x0000000100000000)
  region size 1024K, 0 young (0K), 0 survivors (0K)
 Metaspace       used 61068K, committed 61760K, reserved 1114112K
  class space    used 7652K, committed 7936K, reserved 1048576K
}
Event: 74028.887 GC heap before
{Heap before GC invocations=7288 (full 7272):
 garbage-first heap   total 109568K, used 35295K [0x00000000c0000000, 0x0000000100000000)
  region size 1024K, 1 young (1024K), 0 survivors (0K)
 Metaspace       used 61068K, committed 61760K, reserved 1114112K
  class space    used 7652K, committed 7936K, reserved 1048576K
}
Event: 74028.912 GC heap after
{Heap after GC invocations=7289 (full 7273):
 garbage-first heap   total 109568K, used 35295K [0x00000000c0000000, 0x0000000100000000)
  region size 1024K, 0 young (0K), 0 survivors (0K)
 Metaspace       used 61068K, committed 61760K, reserved 1114112K
  class space    used 7652K, committed 7936K, reserved 1048576K
}
Event: 74039.036 GC heap before
{Heap before GC invocations=7289 (full 7273):
 garbage-first heap   total 109568K, used 35295K [0x00000000c0000000, 0x0000000100000000)
  region size 1024K, 1 young (1024K), 0 survivors (0K)
 Metaspace       used 61068K, committed 61760K, reserved 1114112K
  class space    used 7652K, committed 7936K, reserved 1048576K
}
Event: 74039.062 GC heap after
{Heap after GC invocations=7290 (full 7274):
 garbage-first heap   total 109568K, used 35295K [0x00000000c0000000, 0x0000000100000000)
  region size 1024K, 0 young (0K), 0 survivors (0K)
 Metaspace       used 61068K, committed 61760K, reserved 1114112K
  class space    used 7652K, committed 7936K, reserved 1048576K
}
Event: 74049.183 GC heap before
{Heap before GC invocations=7290 (full 7274):
 garbage-first heap   total 109568K, used 35295K [0x00000000c0000000, 0x0000000100000000)
  region size 1024K, 1 young (1024K), 0 survivors (0K)
 Metaspace       used 61068K, committed 61760K, reserved 1114112K
  class space    used 7652K, committed 7936K, reserved 1048576K
}
Event: 74049.210 GC heap after
{Heap after GC invocations=7291 (full 7275):
 garbage-first heap   total 109568K, used 35295K [0x00000000c0000000, 0x0000000100000000)
  region size 1024K, 0 young (0K), 0 survivors (0K)
 Metaspace       used 61068K, committed 61760K, reserved 1114112K
  class space    used 7652K, committed 7936K, reserved 1048576K
}
Event: 74059.326 GC heap before
{Heap before GC invocations=7291 (full 7275):
 garbage-first heap   total 109568K, used 35295K [0x00000000c0000000, 0x0000000100000000)
  region size 1024K, 1 young (1024K), 0 survivors (0K)
 Metaspace       used 61078K, committed 61760K, reserved 1114112K
  class space    used 7653K, committed 7936K, reserved 1048576K
}
Event: 74059.350 GC heap after
{Heap after GC invocations=7292 (full 7276):
 garbage-first heap   total 109568K, used 35308K [0x00000000c0000000, 0x0000000100000000)
  region size 1024K, 0 young (0K), 0 survivors (0K)
 Metaspace       used 61078K, committed 61760K, reserved 1114112K
  class space    used 7653K, committed 7936K, reserved 1048576K
}
Event: 74069.461 GC heap before
{Heap before GC invocations=7292 (full 7276):
 garbage-first heap   total 109568K, used 35308K [0x00000000c0000000, 0x0000000100000000)
  region size 1024K, 1 young (1024K), 0 survivors (0K)
 Metaspace       used 61078K, committed 61760K, reserved 1114112K
  class space    used 7653K, committed 7936K, reserved 1048576K
}
Event: 74069.491 GC heap after
{Heap after GC invocations=7293 (full 7277):
 garbage-first heap   total 109568K, used 35308K [0x00000000c0000000, 0x0000000100000000)
  region size 1024K, 0 young (0K), 0 survivors (0K)
 Metaspace       used 61078K, committed 61760K, reserved 1114112K
  class space    used 7653K, committed 7936K, reserved 1048576K
}
Event: 74079.623 GC heap before
{Heap before GC invocations=7293 (full 7277):
 garbage-first heap   total 109568K, used 35308K [0x00000000c0000000, 0x0000000100000000)
  region size 1024K, 1 young (1024K), 0 survivors (0K)
 Metaspace       used 61078K, committed 61760K, reserved 1114112K
  class space    used 7653K, committed 7936K, reserved 1048576K
}
Event: 74079.647 GC heap after
{Heap after GC invocations=7294 (full 7278):
 garbage-first heap   total 109568K, used 35308K [0x00000000c0000000, 0x0000000100000000)
  region size 1024K, 0 young (0K), 0 survivors (0K)
 Metaspace       used 61078K, committed 61760K, reserved 1114112K
  class space    used 7653K, committed 7936K, reserved 1048576K
}
Event: 74089.793 GC heap before
{Heap before GC invocations=7294 (full 7278):
 garbage-first heap   total 109568K, used 35308K [0x00000000c0000000, 0x0000000100000000)
  region size 1024K, 1 young (1024K), 0 survivors (0K)
 Metaspace       used 61078K, committed 61760K, reserved 1114112K
  class space    used 7653K, committed 7936K, reserved 1048576K
}
Event: 74089.818 GC heap after
{Heap after GC invocations=7295 (full 7279):
 garbage-first heap   total 109568K, used 35308K [0x00000000c0000000, 0x0000000100000000)
  region size 1024K, 0 young (0K), 0 survivors (0K)
 Metaspace       used 61078K, committed 61760K, reserved 1114112K
  class space    used 7653K, committed 7936K, reserved 1048576K
}
Event: 74099.932 GC heap before
{Heap before GC invocations=7295 (full 7279):
 garbage-first heap   total 109568K, used 35308K [0x00000000c0000000, 0x0000000100000000)
  region size 1024K, 1 young (1024K), 0 survivors (0K)
 Metaspace       used 61078K, committed 61760K, reserved 1114112K
  class space    used 7653K, committed 7936K, reserved 1048576K
}
Event: 74099.956 GC heap after
{Heap after GC invocations=7296 (full 7280):
 garbage-first heap   total 109568K, used 35308K [0x00000000c0000000, 0x0000000100000000)
  region size 1024K, 0 young (0K), 0 survivors (0K)
 Metaspace       used 61078K, committed 61760K, reserved 1114112K
  class space    used 7653K, committed 7936K, reserved 1048576K
}
Event: 74110.072 GC heap before
{Heap before GC invocations=7296 (full 7280):
 garbage-first heap   total 109568K, used 35308K [0x00000000c0000000, 0x0000000100000000)
  region size 1024K, 1 young (1024K), 0 survivors (0K)
 Metaspace       used 61078K, committed 61760K, reserved 1114112K
  class space    used 7653K, committed 7936K, reserved 1048576K
}
Event: 74110.098 GC heap after
{Heap after GC invocations=7297 (full 7281):
 garbage-first heap   total 109568K, used 35308K [0x00000000c0000000, 0x0000000100000000)
  region size 1024K, 0 young (0K), 0 survivors (0K)
 Metaspace       used 61078K, committed 61760K, reserved 1114112K
  class space    used 7653K, committed 7936K, reserved 1048576K
}
Event: 74120.225 GC heap before
{Heap before GC invocations=7297 (full 7281):
 garbage-first heap   total 109568K, used 35308K [0x00000000c0000000, 0x0000000100000000)
  region size 1024K, 1 young (1024K), 0 survivors (0K)
 Metaspace       used 61078K, committed 61760K, reserved 1114112K
  class space    used 7653K, committed 7936K, reserved 1048576K
}

